/lustre1/work/erikob/optimization/lib/python3.6/site-packages/skimage/transform/radon_transform.py:87: VisibleDeprecationWarning: Creating an ndarray from ragged nested sequences (which is a list-or-tuple of lists-or-tuples-or ndarrays with different lengths or shapes) is deprecated. If you meant to do this, you must specify 'dtype=object' when creating the ndarray
  coords = np.array(np.ogrid[:image.shape[0], :image.shape[1]])
/lustre1/work/erikob/MasterThesis/source/functions.py:158: NumbaPerformanceWarning: np.dot() is faster on contiguous arrays, called on (array(float64, 1d, A), array(float64, 1d, C))
  radons[i] = integrate_for_radon(gamma_vector, gamma_der_vector, alphas[i], basis_vector)
[ 1.57079633  1.63445602  1.69881838  1.76367828  1.82885613  1.89420498
  1.95961481  2.02501408  2.09036867  2.15567848  2.22097223  2.28630094
  2.35173026  2.41733227  2.48317674  2.54932221  2.61580708  2.68264115
  2.74979807  2.81720927  2.88476023  2.95228973  3.01959268  3.08642673
 -3.13336631 -3.08486876 -3.03759029 -2.99095589 -2.94440692 -2.89738293
 -2.84930274 -2.79954462 -2.74742524 -2.6921778  -2.63293089 -2.56869225
 -2.4983465  -2.42068397 -2.33449007 -2.23873672 -2.13291524 -2.01750022
 -1.89440486 -1.76712311 -1.64025468 -1.51846478 -1.40540223 -1.30314019
 -1.12099461 -1.03912659 -0.89628685 -0.63087143 -0.26500423 -0.09474576
 -0.18475005 -0.38363206 -0.56868165 -0.70515978 -0.80165282 -0.87133873
 -0.92345924 -1.10439054 -1.21833889 -1.35106286 -1.49049019 -1.61027049
 -1.67176356 -1.62268321 -1.3959238  -1.0324683  -0.74574989 -0.57984798
 -0.48250097 -0.4153798  -0.33322173 -0.23970454 -0.13461464 -0.01902926
  0.10427155  0.23092549  0.35585213  0.47451659  0.58388103  0.68262579
  0.77079247  0.84924195  0.91919963  0.98196747  1.03877697  1.09073218
  1.13880163  1.18383348  1.2265805   1.26772854  1.30792665  1.3478197
  1.38808561  1.42948213  1.47291038  1.51950823  7.85398163]
Finished optimization m
Finished optimization m
Finished optimization m
Finished optimization m
Traceback (most recent call last):
  File "idun_run.py", line 16, in <module>
    ur.test_bfgs_method(problem_dictionary, opt_object, problem_dictionary_filename, new_path)
  File "/lustre1/work/erikob/MasterThesis/source/utilities_running.py", line 74, in test_bfgs_method
    np.save(new_folder_name + "/" + new_folder_name, problem_dictionary, allow_pickle=True)
  File "<__array_function__ internals>", line 6, in save
  File "/lustre1/work/erikob/optimization/lib/python3.6/site-packages/numpy/lib/npyio.py", line 524, in save
    file_ctx = open(file, "wb")
FileNotFoundError: [Errno 2] No such file or directory: 'Problems/Circle_not_fine_grid_update_reference.npy/Problems/Circle_not_fine_grid_update_reference.npy'
